<?xml version="1.0" encoding="UTF-8"?>
<!-- Generated by org.testng.reporters.JUnitReportReporter -->
<testsuite hostname="dellv3446-4" name="com.palm.test.TestCurrentDraw" tests="1" failures="0" timestamp="19 May 2016 07:02:08 GMT" time="0.559" errors="0">
  <testcase name="testLogin" time="0.559" classname="com.palm.test.TestCurrentDraw"/>
</testsuite> <!-- com.palm.test.TestCurrentDraw -->
