<?xml version="1.0" encoding="UTF-8"?>
<!-- Generated by org.testng.reporters.JUnitReportReporter -->
<testsuite hostname="dellv3446-4" name="com.palm.test.TestLogin" tests="1" failures="0" timestamp="13 May 2016 08:54:34 GMT" time="0.456" errors="0">
  <testcase name="login" time="0.456" classname="com.palm.test.TestLogin"/>
</testsuite> <!-- com.palm.test.TestLogin -->
